<?xml version="1.0" encoding="UTF-8"?>
<!-- Generated by org.testng.reporters.JUnitXMLReporter -->
<testsuite ignored="6" hostname="LAPTOP-JTFCSI93" failures="0" tests="5" name="Test" time="23.704" errors="0" timestamp="2025-03-24T10:37:18 IST">
  <testcase classname="test.LoginPage" name="Launch" time="1.866"/>
  <testcase classname="test.LoginPage" name="Login" time="4.184"/>
  <testcase classname="test.PimPage" name="AddEmployee" time="6.637"/>
  <testcase classname="test.AddEmployeePage" name="CreateNewEmployee" time="1.644"/>
  <testcase classname="test.ContactDetailsPage" name="AddContactDetails" time="7.706"/>
  <testcase classname="test.Base" name="@BeforeTest initialize" time="0.0">
    <ignored/>
  </testcase> <!-- @BeforeTest initialize -->
  <testcase classname="test.Base" name="@BeforeTest initialize" time="0.0">
    <ignored/>
  </testcase> <!-- @BeforeTest initialize -->
  <testcase classname="test.Base" name="@BeforeTest initialize" time="0.0">
    <ignored/>
  </testcase> <!-- @BeforeTest initialize -->
  <testcase classname="test.Base" name="@AfterTest tearDown" time="0.0">
    <ignored/>
  </testcase> <!-- @AfterTest tearDown -->
  <testcase classname="test.Base" name="@AfterTest tearDown" time="0.0">
    <ignored/>
  </testcase> <!-- @AfterTest tearDown -->
  <testcase classname="test.Base" name="@AfterTest tearDown" time="0.0">
    <ignored/>
  </testcase> <!-- @AfterTest tearDown -->
</testsuite> <!-- Test -->
