<?xml version="1.0" encoding="UTF-8"?>
<testng-results ignored="0" total="1" passed="1" failed="0" skipped="0">
  <reporter-output>
  </reporter-output>
  <suite started-at="2025-02-20T10:19:21 IST" name="Default suite" finished-at="2025-02-20T10:19:21 IST" duration-ms="39">
    <groups>
    </groups>
    <test started-at="2025-02-20T10:19:21 IST" name="Default test" finished-at="2025-02-20T10:19:21 IST" duration-ms="39">
      <class name="pack.Demotest">
        <test-method signature="display()[pri:0, instance:pack.Demotest@56de5251]" started-at="2025-02-20T10:19:21 IST" name="display" finished-at="2025-02-20T10:19:21 IST" duration-ms="9" status="PASS">
          <reporter-output>
          </reporter-output>
        </test-method> <!-- display -->
      </class> <!-- pack.Demotest -->
    </test> <!-- Default test -->
  </suite> <!-- Default suite -->
</testng-results>
